number,value,datetime_start,datetime_complete,duration,params_batch_size,params_dropout,params_lr,params_weight_decay,state
0,0.5448408871745419,2025-07-12 11:47:31.733001,2025-07-12 11:50:30.199943,0 days 00:02:58.466942,64,0.40529105928421194,0.0018809753918096282,6.0488261650521596e-05,COMPLETE
1,0.549662487945998,2025-07-12 11:50:30.224813,2025-07-12 11:53:28.352925,0 days 00:02:58.128112,64,0.14951572065011165,0.0026595954030410873,0.002040136370991404,COMPLETE
2,0.43008678881388623,2025-07-12 11:53:28.382098,2025-07-12 11:56:26.226740,0 days 00:02:57.844642,64,0.3311591855294236,2.3718166887592533e-05,0.0024341872217658795,COMPLETE
3,0.40115718418514945,2025-07-12 11:56:26.248928,2025-07-12 11:59:24.128922,0 days 00:02:57.879994,64,0.24465498310535785,1.282231052461833e-05,0.00014285267881582737,COMPLETE
4,0.4455159112825458,2025-07-12 11:59:24.152519,2025-07-12 12:02:22.048156,0 days 00:02:57.895637,64,0.3644204341635874,2.9098397361270202e-05,0.0005611590954805188,COMPLETE
5,0.5303760848601736,2025-07-12 12:02:22.077303,2025-07-12 12:05:20.133032,0 days 00:02:58.055729,64,0.2958174504711076,0.00017452741449305327,8.037541849917228e-05,COMPLETE
6,0.5400192864030858,2025-07-12 12:05:20.156894,2025-07-12 12:08:18.175003,0 days 00:02:58.018109,64,0.47919683259223356,0.00020354541326995164,0.0014404239320006866,COMPLETE
7,0.549662487945998,2025-07-12 12:08:18.200585,2025-07-12 12:10:48.091465,0 days 00:02:29.890880,32,0.37690903712594737,0.002299843996626976,0.00018035363487118515,COMPLETE
8,0.4927675988428158,2025-07-12 12:10:48.115437,2025-07-12 12:12:31.547674,0 days 00:01:43.432237,32,0.1199884748044962,0.009508471204296879,0.00018419682854425864,COMPLETE
9,0.25940212150433944,2025-07-12 12:12:31.571790,2025-07-12 12:12:35.181425,0 days 00:00:03.609635,64,0.3824810916212077,8.949950341959761e-05,1.6033607904570431e-06,PRUNED
10,0.36933461909353904,2025-07-12 12:12:35.197925,2025-07-12 12:13:26.313153,0 days 00:00:51.115228,16,0.1028904097954057,0.0009753799580372127,0.0078138433034535,PRUNED
11,0.523625843780135,2025-07-12 12:13:26.331799,2025-07-12 12:15:06.280406,0 days 00:01:39.948607,32,0.204964486662162,0.0042863752165786485,1.4512707210885581e-05,COMPLETE
12,0.42815814850530376,2025-07-12 12:15:06.303836,2025-07-12 12:15:59.775502,0 days 00:00:53.471666,32,0.20991660418657032,0.0007426318018936114,0.008403604694336021,PRUNED
13,0.5776277724204436,2025-07-12 12:15:59.795569,2025-07-12 12:19:02.422873,0 days 00:03:02.627304,16,0.45121775832701777,0.0024996892174581026,1.4605754991230218e-05,COMPLETE
14,0.4918032786885246,2025-07-12 12:19:02.448895,2025-07-12 12:20:55.716832,0 days 00:01:53.267937,16,0.49605254860751935,0.008848794619983589,8.142030296642544e-06,PRUNED
15,0.5390549662487946,2025-07-12 12:20:55.743980,2025-07-12 12:22:49.286176,0 days 00:01:53.542196,16,0.4517764851962721,0.000634727136510595,1.5070545107822318e-05,COMPLETE
16,0.583413693346191,2025-07-12 12:22:49.310639,2025-07-12 12:25:52.154964,0 days 00:03:02.844325,16,0.14879186501641037,0.003284960425607505,2.334485861341159e-06,COMPLETE
17,0.5699132111861138,2025-07-12 12:25:52.180471,2025-07-12 12:28:36.560547,0 days 00:02:44.380076,16,0.2857392532737827,0.004167407227714372,1.3979511365475615e-06,COMPLETE
18,0.5274831243972999,2025-07-12 12:28:36.590087,2025-07-12 12:30:11.566160,0 days 00:01:34.976073,16,0.43976177743389566,0.0013606037937551577,3.746465511253191e-06,COMPLETE
19,0.3866923818707811,2025-07-12 12:30:11.590270,2025-07-12 12:30:22.566651,0 days 00:00:10.976381,16,0.16409155823463026,0.0003862859679475895,3.1819256282454034e-05,PRUNED
20,0.5689488910318226,2025-07-12 12:30:22.586816,2025-07-12 12:32:56.238098,0 days 00:02:33.651282,16,0.25109834023953664,0.004674222918054356,3.462437186643365e-06,COMPLETE
21,0.5756991321118612,2025-07-12 12:32:56.262174,2025-07-12 12:35:59.458267,0 days 00:03:03.196093,16,0.3059714030779987,0.004378350334722938,1.4426421314101905e-06,COMPLETE
22,0.4136933461909354,2025-07-12 12:35:59.483571,2025-07-12 12:36:17.887788,0 days 00:00:18.404217,16,0.33737070905261135,0.00570725977715096,5.545672254691748e-06,PRUNED
23,0.3741562198649952,2025-07-12 12:36:17.904428,2025-07-12 12:36:28.925904,0 days 00:00:11.021476,16,0.414235300826855,0.0026344974876107794,1.0692667742653314e-06,PRUNED
24,0.5699132111861138,2025-07-12 12:36:28.943141,2025-07-12 12:39:31.993583,0 days 00:03:03.050442,16,0.2649451662525361,0.001306182500745582,3.055024597544499e-06,COMPLETE
25,0.3095467695274831,2025-07-12 12:39:32.017038,2025-07-12 12:39:35.699083,0 days 00:00:03.682045,16,0.21059487277872724,0.006763821716304998,1.0284172147192826e-05,PRUNED
26,0.3114754098360656,2025-07-12 12:39:35.715956,2025-07-12 12:39:39.476105,0 days 00:00:03.760149,16,0.33105150550102613,0.000440696492131768,2.8300123737764948e-05,PRUNED
27,0.3191899710703954,2025-07-12 12:39:39.499262,2025-07-12 12:39:43.217957,0 days 00:00:03.718695,16,0.16618681586420825,0.003327008667580677,2.675780930470034e-05,PRUNED
28,0.36837029893924783,2025-07-12 12:39:43.235145,2025-07-12 12:39:50.602311,0 days 00:00:07.367166,16,0.4644918971047862,0.0015486407761190872,2.013550020432398e-06,PRUNED
29,0.3674059787849566,2025-07-12 12:39:50.630763,2025-07-12 12:39:58.022617,0 days 00:00:07.391854,16,0.4189954638973184,0.00184729628996537,5.674513190468093e-06,PRUNED
30,0.3085824493731919,2025-07-12 12:39:58.039898,2025-07-12 12:40:01.752430,0 days 00:00:03.712532,16,0.3527875918994894,8.296391876166413e-05,2.3589866039723112e-06,PRUNED
31,0.3837994214079074,2025-07-12 12:40:01.770466,2025-07-12 12:40:12.923148,0 days 00:00:11.152682,16,0.27898987392389535,0.00391929475756263,1.1035898388648944e-06,PRUNED
32,0.36354869816779173,2025-07-12 12:40:12.942072,2025-07-12 12:40:20.428664,0 days 00:00:07.486592,16,0.31661575001895836,0.006062847902056857,1.8784328317225793e-06,PRUNED
33,0.5515911282545806,2025-07-12 12:40:20.447085,2025-07-12 12:42:39.609990,0 days 00:02:19.162905,16,0.22867983891674304,0.002753629079527404,5.738866277831119e-06,COMPLETE
34,0.4416586306653809,2025-07-12 12:42:39.640450,2025-07-12 12:43:05.379000,0 days 00:00:25.738550,16,0.17851059196287794,0.001936387069354154,1.123864702489902e-06,PRUNED
35,0.5776277724204436,2025-07-12 12:43:05.402357,2025-07-12 12:46:08.354910,0 days 00:03:02.952553,16,0.14278175791899125,0.0010230594011887944,1.676431618251128e-05,COMPLETE
36,0.5612343297974928,2025-07-12 12:46:08.378872,2025-07-12 12:48:24.154561,0 days 00:02:15.775689,32,0.13846709695433262,0.0009440739469519035,4.765981805652271e-05,COMPLETE
37,0.3471552555448409,2025-07-12 12:48:24.180263,2025-07-12 12:48:31.544279,0 days 00:00:07.364016,16,0.14534064078669018,0.002898489673121721,0.0003649455955455017,PRUNED
38,0.36644165863066536,2025-07-12 12:48:31.565356,2025-07-12 12:48:38.746387,0 days 00:00:07.181031,64,0.1813273247671393,0.0008938741283198608,6.135279133533492e-05,PRUNED
39,0.5920925747348119,2025-07-12 12:48:38.763662,2025-07-12 12:51:26.893918,0 days 00:02:48.130256,16,0.10232819271352322,0.0005205323556647541,1.0943627812972448e-05,COMPLETE
40,0.36547733847637415,2025-07-12 12:51:26.918708,2025-07-12 12:51:37.646423,0 days 00:00:10.727715,64,0.10433374389035116,0.000544191205110353,0.00010060209507400392,PRUNED
41,0.4069431051108968,2025-07-12 12:51:37.664053,2025-07-12 12:51:52.295330,0 days 00:00:14.631277,16,0.1369365109233288,0.00016500088094023672,1.353638285556488e-05,PRUNED
42,0.4802314368370299,2025-07-12 12:51:52.312858,2025-07-12 12:53:01.860973,0 days 00:01:09.548115,16,0.12458280491141006,0.0014435777104064914,7.998373679235724e-06,PRUNED
43,0.2892960462873674,2025-07-12 12:53:01.880954,2025-07-12 12:53:05.585462,0 days 00:00:03.704508,16,0.11653727226796004,0.001127473592186161,1.7572817786471103e-05,PRUNED
44,0.3201542912246866,2025-07-12 12:53:05.602708,2025-07-12 12:53:12.806998,0 days 00:00:07.204290,32,0.3963676617717115,0.00024131107397109771,5.197191939234036e-06,PRUNED
45,0.3037608486017358,2025-07-12 12:53:12.825022,2025-07-12 12:53:16.529403,0 days 00:00:03.704381,16,0.18520059782955858,1.0486777352335482e-05,4.336996241528832e-05,PRUNED
46,0.3837994214079074,2025-07-12 12:53:16.557902,2025-07-12 12:53:37.891788,0 days 00:00:21.333886,64,0.15817672545338868,0.0020434172885136254,2.1876782996449005e-05,PRUNED
47,0.29508196721311475,2025-07-12 12:53:37.909673,2025-07-12 12:53:41.613105,0 days 00:00:03.703432,16,0.22402120877753562,0.008678528179280791,1.063825955508912e-05,PRUNED
48,0.3105110896817743,2025-07-12 12:53:41.631990,2025-07-12 12:53:45.271205,0 days 00:00:03.639215,32,0.10026329684785762,0.00029243338938116044,2.5562739320448736e-06,PRUNED
49,0.32594021215043395,2025-07-12 12:53:45.290853,2025-07-12 12:53:49.050681,0 days 00:00:03.759828,16,0.3067676850386668,0.0006704764146857505,0.00011551514385138494,PRUNED
50,0.5969141755062681,2025-07-12 12:53:49.067220,2025-07-12 12:56:51.904855,0 days 00:03:02.837635,16,0.12836322947092366,0.0004381898756319828,3.7734613887339016e-06,COMPLETE
51,0.3172613307618129,2025-07-12 12:56:51.953918,2025-07-12 12:56:55.651448,0 days 00:00:03.697530,16,0.11805785098423527,0.00012768531099983433,4.3932322028307134e-06,PRUNED
52,0.42719382835101255,2025-07-12 12:56:55.668829,2025-07-12 12:57:17.700646,0 days 00:00:22.031817,16,0.13239054243178322,0.0004153253291305835,8.48681913693236e-06,PRUNED
53,0.29990356798457085,2025-07-12 12:57:17.718157,2025-07-12 12:57:21.406879,0 days 00:00:03.688722,16,0.19391591848243275,0.0005186221262463218,3.1439346565312925e-06,PRUNED
54,0.36837029893924783,2025-07-12 12:57:21.425579,2025-07-12 12:57:28.820666,0 days 00:00:07.395087,16,0.14952829763705344,0.00030367798889034393,1.7544793930796277e-06,PRUNED
55,0.36451301832208294,2025-07-12 12:57:28.840027,2025-07-12 12:57:36.243027,0 days 00:00:07.403000,16,0.16622043274149326,0.0008465533479495432,6.758980939062966e-06,PRUNED
56,0.3114754098360656,2025-07-12 12:57:36.303312,2025-07-12 12:57:39.995849,0 days 00:00:03.692537,16,0.49679517692722985,4.1793603038747326e-05,1.2089704806119445e-05,PRUNED
57,0.3751205400192864,2025-07-12 12:57:40.012028,2025-07-12 12:57:50.741441,0 days 00:00:10.729413,64,0.3682062903955708,0.003918618911072909,4.217712995376471e-06,PRUNED
58,0.4262295081967213,2025-07-12 12:57:50.760816,2025-07-12 12:58:09.029666,0 days 00:00:18.268850,16,0.1510549831517909,0.001070480856269516,0.004790528431271973,PRUNED
59,0.3500482160077146,2025-07-12 12:58:09.046891,2025-07-12 12:58:19.788091,0 days 00:00:10.741200,32,0.43678327144705364,0.005375965075986301,0.0009561961201419404,PRUNED
60,0.313404050144648,2025-07-12 12:58:19.806334,2025-07-12 12:58:23.532965,0 days 00:00:03.726631,16,0.25316331860208097,0.0033970723871158686,1.5694133530209262e-06,PRUNED
61,0.5756991321118612,2025-07-12 12:58:23.589940,2025-07-12 13:01:26.142650,0 days 00:03:02.552710,16,0.2705774759733334,0.0023018202443865874,1.4278536174536083e-06,COMPLETE
62,0.36644165863066536,2025-07-12 13:01:26.167442,2025-07-12 13:01:33.484822,0 days 00:00:07.317380,16,0.11423759985149247,0.002408156460756495,2.488009550139075e-06,PRUNED
63,0.5718418514946962,2025-07-12 13:01:33.502922,2025-07-12 13:04:36.166408,0 days 00:03:02.663486,16,0.23116059725646265,0.0017549978048530229,1.3692653878201137e-06,COMPLETE
64,0.3105110896817743,2025-07-12 13:04:36.191287,2025-07-12 13:04:39.959168,0 days 00:00:03.767881,16,0.13036947701878118,0.007389352857267823,3.2389815133458092e-06,PRUNED
65,0.36065573770491804,2025-07-12 13:04:39.976301,2025-07-12 13:04:47.307206,0 days 00:00:07.330905,16,0.3903010373367447,0.0012491413419162848,1.8456175196368474e-05,PRUNED
66,0.3394406943105111,2025-07-12 13:04:47.349941,2025-07-12 13:04:51.113284,0 days 00:00:03.763343,16,0.34773848433322263,0.000779762992904063,2.1663967780777137e-06,PRUNED
67,0.3857280617164899,2025-07-12 13:04:51.134622,2025-07-12 13:05:02.138325,0 days 00:00:11.003703,16,0.27594771447576627,0.005150984657248919,1.3670855264811116e-06,PRUNED
68,0.33751205400192863,2025-07-12 13:05:02.160385,2025-07-12 13:05:05.938396,0 days 00:00:03.778011,16,0.480812471615402,0.0023306387342188085,3.679121277427521e-05,PRUNED
69,0.32208293153326906,2025-07-12 13:05:05.955233,2025-07-12 13:05:09.652947,0 days 00:00:03.697714,16,0.2110883139797481,0.0005733166238776123,3.988935783940097e-06,PRUNED
70,0.4059787849566056,2025-07-12 13:05:09.670264,2025-07-12 13:05:28.001014,0 days 00:00:18.330750,16,0.17207652764957407,0.0033810234204916033,7.885126751057897e-06,PRUNED
71,0.3394406943105111,2025-07-12 13:05:28.046024,2025-07-12 13:05:31.750548,0 days 00:00:03.704524,16,0.2982971742873084,0.0016146284308751911,1.4343502621156683e-06,PRUNED
72,0.32208293153326906,2025-07-12 13:05:31.768429,2025-07-12 13:05:35.470228,0 days 00:00:03.701799,16,0.22638954658088992,0.001700911093901521,1.1443040046042844e-06,PRUNED
73,0.3124397299903568,2025-07-12 13:05:35.488478,2025-07-12 13:05:39.244651,0 days 00:00:03.756173,16,0.2631156972416387,0.002135205954797719,2.7077764195272164e-06,PRUNED
74,0.30665380906460943,2025-07-12 13:05:39.266987,2025-07-12 13:05:43.011267,0 days 00:00:03.744280,16,0.2364633233523319,0.002999934172517977,1.8380068803150003e-06,PRUNED
75,0.6075216972034716,2025-07-12 13:05:43.029084,2025-07-12 13:08:45.777765,0 days 00:03:02.748681,16,0.10954031672781599,0.0044328385489627,1.0003615073729024e-06,COMPLETE
76,0.3124397299903568,2025-07-12 13:08:45.832407,2025-07-12 13:08:49.440955,0 days 00:00:03.608548,64,0.11349929466183087,0.004513258771340437,1.0075018423356872e-06,PRUNED
77,0.420443587270974,2025-07-12 13:08:49.458859,2025-07-12 13:09:07.837578,0 days 00:00:18.378719,16,0.13848119122758099,0.006923765806169727,7.131329784651273e-05,PRUNED
78,0.3201542912246866,2025-07-12 13:09:07.854909,2025-07-12 13:09:11.475880,0 days 00:00:03.620971,32,0.10742084577951441,0.00036520060588479013,4.860898408522451e-06,PRUNED
79,0.3461909353905497,2025-07-12 13:09:11.493037,2025-07-12 13:09:18.898132,0 days 00:00:07.405095,16,0.12193061052027734,0.009977083012141308,1.9249118366673495e-06,PRUNED
80,0.36354869816779173,2025-07-12 13:09:18.915137,2025-07-12 13:09:26.233136,0 days 00:00:07.317999,16,0.14733674858702453,0.0037329740353190533,6.444507226289852e-06,PRUNED
