number,value,datetime_start,datetime_complete,duration,params_D,params_F1,params_batch_size,params_dropout,params_lr,params_weight_decay,state
0,0.5785920925747348,2025-07-12 08:21:50.276428,2025-07-12 08:25:29.124854,0 days 00:03:38.848426,2,8,64,0.15585409000149056,0.0075400494265803605,0.00708965874897669,COMPLETE
1,0.5641272902603665,2025-07-12 08:25:29.153431,2025-07-12 08:29:44.202442,0 days 00:04:15.049011,4,16,16,0.3823635604322432,6.383347151549101e-05,0.0008044804754247862,COMPLETE
2,0.5583413693346191,2025-07-12 08:29:44.235689,2025-07-12 08:33:47.469830,0 days 00:04:03.234141,4,16,16,0.4812285674151898,5.5926671831956264e-05,9.785784039544072e-06,COMPLETE
3,0.5072324011571842,2025-07-12 08:33:47.498982,2025-07-12 08:38:46.713932,0 days 00:04:59.214950,2,16,32,0.11318305770395694,3.3266807627563015e-05,1.2519879184046434e-05,COMPLETE
4,0.43972999035679844,2025-07-12 08:38:46.737658,2025-07-12 08:42:12.087373,0 days 00:03:25.349715,2,16,16,0.3088498407883655,1.1459740973850577e-05,0.0002352607213383296,COMPLETE
5,0.5756991321118612,2025-07-12 08:42:12.110438,2025-07-12 08:46:10.529756,0 days 00:03:58.419318,2,16,64,0.29286630374138506,0.0024044665835735333,1.3112415690843973e-06,COMPLETE
6,0.25458052073288334,2025-07-12 08:46:10.553894,2025-07-12 08:46:18.992914,0 days 00:00:08.439020,4,16,32,0.30459994488842274,1.0311896940008792e-05,7.788282531617446e-05,PRUNED
7,0.5930568948891032,2025-07-12 08:46:19.010529,2025-07-12 08:53:14.829964,0 days 00:06:55.819435,8,16,32,0.15353353387896013,0.0013235653218986376,0.0003791448137361373,COMPLETE
8,0.5920925747348119,2025-07-12 08:53:14.858166,2025-07-12 08:54:29.720962,0 days 00:01:14.862796,2,8,32,0.10648526875849092,0.0006249881243311631,9.143662793800616e-06,COMPLETE
9,0.2709739633558341,2025-07-12 08:54:29.754594,2025-07-12 08:54:32.868704,0 days 00:00:03.114110,8,8,32,0.214670398929808,1.5617673613483762e-05,0.00015479884075233252,PRUNED
10,0.6277724204435873,2025-07-12 08:54:32.884995,2025-07-12 09:06:44.191595,0 days 00:12:11.306600,8,32,32,0.2112246283496452,0.00036845362750084374,0.003362495423183032,COMPLETE
11,0.6335583413693346,2025-07-12 09:06:44.216542,2025-07-12 09:19:15.521150,0 days 00:12:31.304608,8,32,32,0.2026621728298541,0.00038415470166584304,0.0040320784779631575,COMPLETE
12,0.3712632594021215,2025-07-12 09:19:15.552413,2025-07-12 09:19:33.087068,0 days 00:00:17.534655,8,32,32,0.22122701825477956,0.00021726206911554263,0.009630860128363821,PRUNED
13,0.6229508196721312,2025-07-12 09:19:33.103466,2025-07-12 09:33:12.574250,0 days 00:13:39.470784,8,32,32,0.233721562649056,0.000189002702066845,0.0017698121350015058,COMPLETE
14,0.6104146576663452,2025-07-12 09:33:12.599656,2025-07-12 09:43:02.900352,0 days 00:09:50.300696,8,32,64,0.25513607507657293,0.0005093045013935576,0.002338831351315237,COMPLETE
15,0.3857280617164899,2025-07-12 09:43:02.924684,2025-07-12 09:43:20.424662,0 days 00:00:17.499978,8,32,32,0.1769259188861873,0.0001333094536898097,0.0028183801399026495,PRUNED
16,0.5226615236258437,2025-07-12 09:43:20.441352,2025-07-12 09:46:00.302336,0 days 00:02:39.860984,8,32,32,0.36890180412523504,0.0011902867853371484,0.0008990740104881421,PRUNED
17,0.5920925747348119,2025-07-12 09:46:00.324956,2025-07-12 09:54:51.614574,0 days 00:08:51.289618,8,32,32,0.1868011593465426,0.0004884348604452757,4.195247315763965e-05,COMPLETE
18,0.39151398264223725,2025-07-12 09:54:51.637169,2025-07-12 09:55:09.477255,0 days 00:00:17.840086,8,32,64,0.35238297514031114,0.004036870592595581,0.0054230532722414765,PRUNED
19,0.3837994214079074,2025-07-12 09:55:09.493765,2025-07-12 09:55:27.999885,0 days 00:00:18.506120,8,32,16,0.43995909888322415,0.00011487659462916507,0.0006194736066783185,PRUNED
20,0.5159112825458052,2025-07-12 09:55:28.016139,2025-07-12 09:57:04.516224,0 days 00:01:36.500085,4,32,32,0.27101044728229107,0.0011689448146761947,0.0016951571779505762,PRUNED
21,0.39633558341369335,2025-07-12 09:57:04.537887,2025-07-12 09:57:39.818068,0 days 00:00:35.280181,8,32,32,0.23833835649821175,0.00021002202185705336,0.003180504830252886,PRUNED
22,0.5149469623915139,2025-07-12 09:57:39.845807,2025-07-12 09:59:25.657751,0 days 00:01:45.811944,8,32,32,0.20099893448295186,0.00032271068429706094,0.0012013224448075247,PRUNED
23,0.40790742526518803,2025-07-12 09:59:25.674129,2025-07-12 09:59:43.679035,0 days 00:00:18.004906,8,32,32,0.15353465217265394,0.00012168250254496404,0.0034341623188280405,PRUNED
24,0.3866923818707811,2025-07-12 09:59:43.696428,2025-07-12 10:00:01.458163,0 days 00:00:17.761735,8,32,32,0.262477601040886,0.00030278579648878456,0.00038237004105913194,PRUNED
25,0.4725168756027001,2025-07-12 10:00:01.476624,2025-07-12 10:01:47.505314,0 days 00:01:46.028690,8,32,32,0.32886073787539427,0.000691279098918207,0.004810538059927397,PRUNED
26,0.3114754098360656,2025-07-12 10:01:47.524907,2025-07-12 10:01:50.796072,0 days 00:00:03.271165,8,8,32,0.22416202106552716,7.286274998435983e-05,0.0017830957515331779,PRUNED
27,0.38862102217936356,2025-07-12 10:01:50.812496,2025-07-12 10:02:08.479857,0 days 00:00:17.667361,8,32,32,0.18113006860473285,0.00022022426514842176,0.009505953160753627,PRUNED
28,0.2796528447444552,2025-07-12 10:02:08.498500,2025-07-12 10:02:24.061388,0 days 00:00:15.562888,4,32,64,0.13108368857678152,2.7265738157685618e-05,0.000492885487900666,PRUNED
29,0.39537126325940214,2025-07-12 10:02:24.078805,2025-07-12 10:02:27.529776,0 days 00:00:03.450971,8,8,16,0.2555872325002983,0.0027227928991939215,0.00689900722528966,PRUNED
30,0.39922854387656703,2025-07-12 10:02:27.548110,2025-07-12 10:02:42.445763,0 days 00:00:14.897653,2,32,64,0.14180965200900186,0.0074744192476772185,0.0011484414191253085,PRUNED
31,0.4214079074252652,2025-07-12 10:02:42.464646,2025-07-12 10:03:00.390260,0 days 00:00:17.925614,8,32,64,0.2471623990110282,0.0004289906476148108,0.0020207296179401476,PRUNED
32,0.3866923818707811,2025-07-12 10:03:00.406168,2025-07-12 10:03:18.875102,0 days 00:00:18.468934,8,32,64,0.2766338826513054,0.0007881890346034423,0.0043543787625282835,PRUNED
33,0.3789778206364513,2025-07-12 10:03:18.896799,2025-07-12 10:03:36.988774,0 days 00:00:18.091975,8,32,64,0.20177575370042156,0.00035822253185824386,0.0023411004066603335,PRUNED
34,0.3770491803278688,2025-07-12 10:03:37.008090,2025-07-12 10:03:53.227171,0 days 00:00:16.219081,4,32,64,0.23782800788280284,0.00016244520965133315,0.0012112223049554499,PRUNED
35,0.40501446480231434,2025-07-12 10:03:53.247704,2025-07-12 10:04:11.972916,0 days 00:00:18.725212,8,32,16,0.16732792879709982,8.340041369090591e-05,0.005466456987549992,PRUNED
36,0.26808100289296044,2025-07-12 10:04:11.989858,2025-07-12 10:04:15.055046,0 days 00:00:03.065188,2,8,64,0.2845636803104763,4.258613371809214e-05,0.00019141245780493135,PRUNED
37,0.4117647058823529,2025-07-12 10:04:15.071467,2025-07-12 10:04:30.835334,0 days 00:00:15.763867,8,32,16,0.3274846715452323,0.0008003202727547782,1.6780228853717864e-06,PRUNED
38,0.5641272902603665,2025-07-12 10:04:30.852360,2025-07-12 10:06:50.840300,0 days 00:02:19.987940,4,16,32,0.19853190247638328,0.0017242515527320364,6.964618573229162e-05,PRUNED
39,0.3944069431051109,2025-07-12 10:06:50.859357,2025-07-12 10:07:00.137641,0 days 00:00:09.278284,8,16,32,0.47930129256554876,0.000531523753163944,0.0003250991541107258,PRUNED
40,0.37319189971070393,2025-07-12 10:07:00.155295,2025-07-12 10:07:14.830892,0 days 00:00:14.675597,2,32,64,0.30255671169932397,0.0002606841584692921,0.0007992596877272515,PRUNED
41,0.5959498553519769,2025-07-12 10:07:14.848115,2025-07-12 10:11:00.708143,0 days 00:03:45.860028,8,16,32,0.16032225505168665,0.001148475636810084,0.0015008120485317487,COMPLETE
42,0.579556412729026,2025-07-12 10:11:00.734526,2025-07-12 10:13:33.876196,0 days 00:02:33.141670,8,16,32,0.22329339032990786,0.0009097664099297191,0.0016359210522846569,PRUNED
43,0.4098360655737705,2025-07-12 10:13:33.901102,2025-07-12 10:13:43.032299,0 days 00:00:09.131197,8,16,32,0.12913421228888006,0.00043200191602605357,0.0034632150977585187,PRUNED
44,0.4146576663452266,2025-07-12 10:13:43.048892,2025-07-12 10:13:52.190137,0 days 00:00:09.141245,8,16,32,0.16814072683676065,0.0018224131191901317,0.0007152164205684533,PRUNED
45,0.4156219864995178,2025-07-12 10:13:52.207560,2025-07-12 10:13:59.634232,0 days 00:00:07.426672,8,16,32,0.2103855830437682,0.0005740066879103593,2.630157336310407e-05,PRUNED
46,0.37319189971070393,2025-07-12 10:13:59.651537,2025-07-12 10:14:06.912457,0 days 00:00:07.260920,8,16,32,0.10740574077456855,0.00017458552416030636,0.008038190794526001,PRUNED
47,0.43105110896817744,2025-07-12 10:14:06.929708,2025-07-12 10:14:13.108597,0 days 00:00:06.178889,8,8,32,0.23632497816428205,0.0010348145339467124,0.00012468782953725302,PRUNED
48,0.29990356798457085,2025-07-12 10:14:13.126140,2025-07-12 10:14:27.683344,0 days 00:00:14.557204,2,32,32,0.18762550000612765,9.227427865469573e-05,0.0020928474901121667,PRUNED
49,0.36837029893924783,2025-07-12 10:14:27.701240,2025-07-12 10:14:46.046109,0 days 00:00:18.344869,8,32,16,0.15929324516665014,0.0014242814249179512,0.0027602003963511485,PRUNED
50,0.5159112825458052,2025-07-12 10:14:46.065662,2025-07-12 10:16:57.526013,0 days 00:02:11.460351,4,16,32,0.25463808623409745,0.0025133795256431953,4.848521395877287e-06,PRUNED
51,0.553519768563163,2025-07-12 10:16:57.580280,2025-07-12 10:19:28.189641,0 days 00:02:30.609361,8,16,32,0.14674942449680203,0.00036970455502451473,0.00025912686903787924,PRUNED
52,0.3982642237222758,2025-07-12 10:19:28.207980,2025-07-12 10:19:37.379081,0 days 00:00:09.171101,8,16,32,0.12870453643274302,0.004055545285787193,0.000575512782313299,PRUNED
53,0.420443587270974,2025-07-12 10:19:37.397405,2025-07-12 10:19:46.146034,0 days 00:00:08.748629,8,16,32,0.1787517313303671,0.000655194023693166,0.001234204032145542,PRUNED
54,0.4165863066538091,2025-07-12 10:19:46.162910,2025-07-12 10:20:03.330213,0 days 00:00:17.167303,8,16,32,0.2133932915852147,0.0013816184059681322,0.003991873769606458,PRUNED
55,0.390549662487946,2025-07-12 10:20:03.347003,2025-07-12 10:20:20.740233,0 days 00:00:17.393230,8,32,32,0.1898593567988792,0.0002658676084226591,0.00642194815216204,PRUNED
