number,value,datetime_start,datetime_complete,duration,params_batch_size,params_dropout,params_lr,params_weight_decay,state
0,0.5728061716489875,2025-07-10 15:36:32.152678,2025-07-10 15:39:29.458838,0 days 00:02:57.306160,64,0.21197840977991503,0.005737942507378668,1.0150377627695938e-06,COMPLETE
1,0.4956605593056895,2025-07-10 15:39:29.486218,2025-07-10 15:42:31.961399,0 days 00:03:02.475181,32,0.45216985523003084,0.00010690405657610278,0.002148186931636404,COMPLETE
2,0.5718418514946962,2025-07-10 15:42:31.986166,2025-07-10 15:44:51.887387,0 days 00:02:19.901221,32,0.11332670989878119,0.0009445165684823219,0.0001273169500581763,COMPLETE
3,0.5139826422372228,2025-07-10 15:44:51.912953,2025-07-10 15:47:59.785964,0 days 00:03:07.873011,16,0.46235580359353556,5.131404061243675e-05,3.0572726968936663e-06,COMPLETE
4,0.4734811957569913,2025-07-10 15:47:59.809877,2025-07-10 15:49:59.591979,0 days 00:01:59.782102,16,0.4322236251057954,0.0010691195518253986,0.004349224328608389,COMPLETE
5,0.39729990356798456,2025-07-10 15:49:59.615356,2025-07-10 15:50:17.919274,0 days 00:00:18.303918,32,0.441803994046183,0.00022174149497915108,0.0003209384869441005,PRUNED
6,0.2709739633558341,2025-07-10 15:50:17.936445,2025-07-10 15:50:21.753436,0 days 00:00:03.816991,16,0.23973877574642813,1.8216698229840302e-05,2.1744267828711444e-06,PRUNED
7,0.28736740597878496,2025-07-10 15:50:21.774157,2025-07-10 15:50:25.485848,0 days 00:00:03.711691,64,0.17200446591634078,6.582708616290234e-05,6.072583187452738e-06,PRUNED
8,0.25747348119575697,2025-07-10 15:50:25.504392,2025-07-10 15:50:29.206280,0 days 00:00:03.701888,64,0.17928597402802102,2.9451585574329006e-05,0.0003514925358839243,PRUNED
9,0.2892960462873674,2025-07-10 15:50:29.224545,2025-07-10 15:50:33.010272,0 days 00:00:03.785727,16,0.2280542055659459,3.909079724775615e-05,8.105925058467022e-06,PRUNED
10,0.42719382835101255,2025-07-10 15:50:33.028232,2025-07-10 15:50:54.956363,0 days 00:00:21.928131,64,0.3464737866992331,0.009024921753741791,3.3739863892335634e-05,PRUNED
11,0.5641272902603665,2025-07-10 15:50:54.975619,2025-07-10 15:52:59.849220,0 days 00:02:04.873601,32,0.14851395158019398,0.002109943002407671,5.676434946070663e-05,COMPLETE
12,0.29026036644165865,2025-07-10 15:52:59.875010,2025-07-10 15:53:03.598615,0 days 00:00:03.723605,64,0.11577855949940925,0.008958616781145776,0.0003258489611500267,PRUNED
13,0.3076181292189007,2025-07-10 15:53:03.616403,2025-07-10 15:53:07.332534,0 days 00:00:03.716131,32,0.31067832808023477,0.0013500796140063884,1.9216111205023868e-05,PRUNED
14,0.32883317261330763,2025-07-10 15:53:07.350238,2025-07-10 15:53:14.734498,0 days 00:00:07.384260,64,0.22829999665203735,0.003241987393482676,0.00013598588417423907,PRUNED
15,0.32883317261330763,2025-07-10 15:53:14.753340,2025-07-10 15:53:22.131783,0 days 00:00:07.378443,32,0.11356447631834982,0.0004458642020102272,0.001077410476000598,PRUNED
16,0.3172613307618129,2025-07-10 15:53:22.150222,2025-07-10 15:53:25.905010,0 days 00:00:03.754788,32,0.2696602853177215,0.0005447945162394709,1.4682664079772621e-06,PRUNED
17,0.39633558341369335,2025-07-10 15:53:25.926010,2025-07-10 15:53:44.289599,0 days 00:00:18.363589,64,0.3713684291026259,0.00438705624194482,1.734500127946739e-05,PRUNED
18,0.5371263259402121,2025-07-10 15:53:44.308505,2025-07-10 15:55:41.150671,0 days 00:01:56.842166,32,0.18784173625380568,0.000905224341969174,0.00015423109751443588,PRUNED
19,0.29604628736740596,2025-07-10 15:55:41.170068,2025-07-10 15:55:44.844451,0 days 00:00:03.674383,64,0.10053088927228555,0.0002102571784769981,0.001022757943620189,PRUNED
20,0.2796528447444552,2025-07-10 15:55:44.860958,2025-07-10 15:55:48.543957,0 days 00:00:03.682999,64,0.1559220004713397,0.00434150863090808,0.007764436042656404,PRUNED
21,0.5593056894889104,2025-07-10 15:55:48.560841,2025-07-10 15:57:59.488239,0 days 00:02:10.927398,32,0.14632286994660756,0.002357579744095676,7.922034729209609e-05,COMPLETE
22,0.3056894889103182,2025-07-10 15:57:59.513214,2025-07-10 15:58:03.202614,0 days 00:00:03.689400,32,0.20168855085475051,0.0019086339866625488,4.7572982187267205e-05,PRUNED
23,0.3326904532304725,2025-07-10 15:58:03.220555,2025-07-10 15:58:06.928174,0 days 00:00:03.707619,32,0.13955235003954286,0.005211647660166136,8.330277175217821e-06,PRUNED
24,0.31822565091610416,2025-07-10 15:58:06.944899,2025-07-10 15:58:10.634111,0 days 00:00:03.689212,32,0.27768840436855313,0.000546532980801489,1.0978212793295004e-06,PRUNED
25,0.2786885245901639,2025-07-10 15:58:10.651637,2025-07-10 15:58:14.339432,0 days 00:00:03.687795,32,0.20730448988296674,0.002024634522955147,6.99226898588631e-05,PRUNED
26,0.5544840887174542,2025-07-10 15:58:14.356438,2025-07-10 16:00:07.298125,0 days 00:01:52.941687,32,0.13992930268888443,0.0010231185637605757,2.3058152595948408e-05,COMPLETE
27,0.3018322082931533,2025-07-10 16:00:07.322304,2025-07-10 16:00:11.037631,0 days 00:00:03.715327,32,0.49950733965902444,0.00733550086552852,3.999216190727392e-06,PRUNED
28,0.31822565091610416,2025-07-10 16:00:11.055876,2025-07-10 16:00:14.844214,0 days 00:00:03.788338,16,0.25895472776208844,0.003348039404760132,0.0002100998921493418,PRUNED
29,0.28254580520732886,2025-07-10 16:00:14.861266,2025-07-10 16:00:18.579217,0 days 00:00:03.717951,64,0.1289397519311294,0.0001308095508228358,0.0009687173972104593,PRUNED
30,0.313404050144648,2025-07-10 16:00:18.596765,2025-07-10 16:00:22.278206,0 days 00:00:03.681441,32,0.16957837762998415,0.0020164377206645244,0.0026142266622807197,PRUNED
